TN:
SF:src/App.jsx
FN:11,App
FNF:1
FNH:1
FNDA:7,App
DA:12,7
DA:15,7
DA:17,7
LF:3
LH:3
BRDA:15,0,0,7
BRDA:15,0,1,6
BRDA:19,1,0,7
BRDA:19,1,1,5
BRF:4
BRH:4
end_of_record
TN:
SF:src/components/Navbar.jsx
FN:4,Navbar
FN:12,handleLogout
FN:18,scrollToSection
FN:50,(anonymous_3)
FN:92,(anonymous_4)
FN:104,(anonymous_5)
FN:116,(anonymous_6)
FNF:7
FNH:6
FNDA:8,Navbar
FNDA:1,handleLogout
FNDA:2,scrollToSection
FNDA:1,(anonymous_3)
FNDA:1,(anonymous_4)
FNDA:1,(anonymous_5)
FNDA:0,(anonymous_6)
DA:5,8
DA:6,8
DA:8,8
DA:9,8
DA:10,8
DA:13,1
DA:14,1
DA:15,1
DA:20,2
DA:21,1
DA:22,1
DA:24,1
DA:25,1
DA:26,1
DA:30,8
DA:43,8
DA:50,1
DA:58,8
DA:59,4
DA:92,1
DA:104,1
DA:116,0
DA:140,4
DA:141,2
DA:183,2
DA:184,1
DA:226,1
LF:27
LH:26
BRDA:9,0,0,8
BRDA:9,0,1,4
BRDA:10,1,0,8
BRDA:10,1,1,4
BRDA:10,1,2,4
BRDA:20,2,0,1
BRDA:20,2,1,1
BRDA:25,3,0,1
BRDA:25,3,1,0
BRDA:58,4,0,4
BRDA:58,4,1,4
BRDA:140,5,0,2
BRDA:140,5,1,2
BRDA:165,6,0,2
BRDA:165,6,1,0
BRDA:165,6,2,0
BRDA:183,7,0,1
BRDA:183,7,1,1
BRDA:209,8,0,1
BRDA:209,8,1,0
BRDA:209,8,2,0
BRF:21
BRH:16
end_of_record
