TN:
SF:app.js
FN:18,(anonymous_0)
FN:22,(anonymous_1)
FNF:2
FNH:2
FNDA:1,(anonymous_0)
FNDA:1,(anonymous_1)
DA:1,6
DA:2,6
DA:4,6
DA:5,6
DA:6,6
DA:7,6
DA:8,6
DA:9,6
DA:11,6
DA:12,6
DA:14,6
DA:15,6
DA:18,6
DA:19,1
DA:22,6
DA:23,1
DA:26,6
DA:27,6
DA:28,6
DA:29,6
DA:30,6
DA:31,6
DA:33,6
LF:23
LH:23
BRF:0
BRH:0
end_of_record
TN:
SF:controllers/adresses.controller.js
FN:3,getAllAdresses
FNF:1
FNH:0
FNDA:0,getAllAdresses
DA:1,6
DA:4,0
DA:5,0
DA:14,0
DA:16,0
DA:17,0
DA:23,6
LF:7
LH:2
BRF:0
BRH:0
end_of_record
TN:
SF:controllers/auth.controller.js
FN:8,register
FN:83,login
FNF:2
FNH:2
FNDA:3,register
FNDA:3,login
DA:1,6
DA:2,6
DA:3,6
DA:5,6
DA:9,3
DA:11,3
DA:12,3
DA:15,3
DA:16,1
DA:21,2
DA:25,2
DA:26,1
DA:31,1
DA:35,1
DA:36,0
DA:40,1
DA:43,1
DA:46,1
DA:53,1
DA:56,1
DA:63,1
DA:74,0
DA:75,0
DA:84,3
DA:86,3
DA:87,3
DA:90,3
DA:91,0
DA:97,3
DA:98,3
DA:99,1
DA:103,2
DA:117,2
DA:118,1
DA:121,1
DA:124,1
DA:125,1
DA:126,0
DA:130,1
DA:131,0
DA:137,1
DA:147,1
DA:159,0
DA:160,0
DA:166,6
LF:45
LH:37
BRDA:5,0,0,6
BRDA:5,0,1,5
BRDA:15,1,0,1
BRDA:15,1,1,2
BRDA:15,2,0,3
BRDA:15,2,1,2
BRDA:15,2,2,2
BRDA:25,3,0,1
BRDA:25,3,1,1
BRDA:35,4,0,0
BRDA:35,4,1,1
BRDA:50,5,0,1
BRDA:50,5,1,1
BRDA:59,6,0,1
BRDA:59,6,1,0
BRDA:90,7,0,0
BRDA:90,7,1,3
BRDA:90,8,0,3
BRDA:90,8,1,3
BRDA:98,9,0,1
BRDA:98,9,1,2
BRDA:117,10,0,1
BRDA:117,10,1,1
BRDA:125,11,0,0
BRDA:125,11,1,1
BRDA:130,12,0,0
BRDA:130,12,1,1
BRDA:143,13,0,1
BRDA:143,13,1,0
BRF:29
BRH:23
end_of_record
TN:
SF:controllers/categories.controller.js
FN:3,getAllCategories
FNF:1
FNH:0
FNDA:0,getAllCategories
DA:1,6
DA:4,0
DA:5,0
DA:11,0
DA:13,0
DA:14,0
DA:20,6
LF:7
LH:2
BRF:0
BRH:0
end_of_record
TN:
SF:controllers/messages.controller.js
FN:4,createMessage
FN:90,getMessagesForPresta
FNF:2
FNH:2
FNDA:5,createMessage
FNDA:3,getMessagesForPresta
DA:2,6
DA:5,5
DA:18,5
DA:20,5
DA:22,5
DA:28,5
DA:29,1
DA:35,4
DA:40,3
DA:41,1
DA:44,2
DA:46,2
DA:78,2
DA:83,1
DA:84,1
DA:91,3
DA:94,3
DA:96,3
DA:107,2
DA:109,1
DA:110,1
DA:116,6
LF:22
LH:22
BRDA:20,0,0,5
BRDA:20,0,1,4
BRDA:22,1,0,0
BRDA:22,1,1,5
BRDA:24,2,0,1
BRDA:24,2,1,4
BRDA:28,3,0,1
BRDA:28,3,1,4
BRDA:28,4,0,5
BRDA:28,4,1,4
BRDA:28,4,2,4
BRDA:28,4,3,4
BRDA:40,5,0,1
BRDA:40,5,1,2
BRDA:68,6,0,2
BRDA:68,6,1,2
BRDA:71,7,0,2
BRDA:71,7,1,2
BRDA:72,8,0,2
BRDA:72,8,1,2
BRDA:73,9,0,1
BRDA:73,9,1,1
BRDA:74,10,0,1
BRDA:74,10,1,1
BRDA:94,11,0,3
BRDA:94,11,1,0
BRDA:94,11,2,0
BRF:27
BRH:24
end_of_record
TN:
SF:controllers/offres.controller.js
FN:4,getAllOffers
FN:37,getOneOfferById
FN:74,getMyOffers
FN:104,createOffer
FN:166,updateOffer
FN:239,deleteOneOffer
FNF:6
FNH:6
FNDA:2,getAllOffers
FNDA:3,getOneOfferById
FNDA:2,getMyOffers
FNDA:4,createOffer
FNDA:5,updateOffer
FNDA:4,deleteOneOffer
DA:1,6
DA:5,2
DA:6,2
DA:26,1
DA:28,1
DA:29,1
DA:38,3
DA:40,3
DA:41,3
DA:61,2
DA:62,1
DA:64,1
DA:66,1
DA:67,1
DA:75,2
DA:76,2
DA:77,2
DA:94,1
DA:96,1
DA:97,1
DA:105,4
DA:113,4
DA:115,4
DA:116,4
DA:117,1
DA:121,3
DA:148,2
DA:149,1
DA:154,1
DA:159,1
DA:160,1
DA:167,5
DA:177,5
DA:179,5
DA:180,5
DA:182,5
DA:184,5
DA:189,4
DA:190,1
DA:193,3
DA:195,3
DA:196,1
DA:203,2
DA:227,2
DA:232,1
DA:233,1
DA:240,4
DA:241,4
DA:243,4
DA:245,4
DA:246,1
DA:252,3
DA:257,2
DA:258,1
DA:261,1
DA:263,1
DA:264,1
DA:270,6
LF:58
LH:58
BRDA:61,0,0,1
BRDA:61,0,1,1
BRDA:116,1,0,1
BRDA:116,1,1,3
BRDA:116,2,0,4
BRDA:116,2,1,4
BRDA:139,3,0,3
BRDA:139,3,1,2
BRDA:140,4,0,3
BRDA:140,4,1,3
BRDA:142,5,0,3
BRDA:142,5,1,3
BRDA:143,6,0,3
BRDA:143,6,1,3
BRDA:148,7,0,1
BRDA:148,7,1,1
BRDA:148,8,0,2
BRDA:148,8,1,2
BRDA:189,9,0,1
BRDA:189,9,1,3
BRDA:195,10,0,1
BRDA:195,10,1,2
BRDA:195,11,0,3
BRDA:195,11,1,1
BRDA:218,12,0,2
BRDA:218,12,1,1
BRDA:219,13,0,2
BRDA:219,13,1,1
BRDA:220,14,0,2
BRDA:220,14,1,2
BRDA:221,15,0,2
BRDA:221,15,1,2
BRDA:222,16,0,2
BRDA:222,16,1,2
BRDA:223,17,0,2
BRDA:223,17,1,2
BRDA:224,18,0,2
BRDA:224,18,1,2
BRDA:245,19,0,1
BRDA:245,19,1,3
BRDA:257,20,0,1
BRDA:257,20,1,1
BRF:42
BRH:42
end_of_record
TN:
SF:controllers/users.controller.js
FN:3,getAllPresta
FN:32,updateUserStatus
FNF:2
FNH:0
FNDA:0,getAllPresta
FNDA:0,updateUserStatus
DA:1,6
DA:4,0
DA:5,0
DA:23,0
DA:25,0
DA:26,0
DA:33,0
DA:34,0
DA:36,0
DA:37,0
DA:45,0
DA:46,0
DA:49,0
DA:54,0
DA:55,0
DA:61,6
LF:16
LH:2
BRDA:45,0,0,0
BRDA:45,0,1,0
BRF:2
BRH:0
end_of_record
TN:
SF:middleware/auth.middleware.js
FN:4,authenticateToken
FN:12,(anonymous_1)
FN:21,authorizeRole
FN:22,(anonymous_3)
FNF:4
FNH:4
FNDA:24,authenticateToken
FNDA:22,(anonymous_1)
FNDA:42,authorizeRole
FNDA:19,(anonymous_3)
DA:1,6
DA:2,6
DA:5,24
DA:6,24
DA:8,24
DA:9,2
DA:12,22
DA:13,22
DA:14,2
DA:16,20
DA:17,20
DA:22,42
DA:23,19
DA:24,2
DA:28,17
DA:32,6
LF:16
LH:16
BRDA:2,0,0,6
BRDA:2,0,1,2
BRDA:8,1,0,2
BRDA:8,1,1,22
BRDA:13,2,0,2
BRDA:13,2,1,20
BRDA:23,3,0,2
BRDA:23,3,1,17
BRDA:23,4,0,19
BRDA:23,4,1,19
BRF:10
BRH:10
end_of_record
TN:
SF:routes/adresses.routes.js
FNF:0
FNH:0
DA:1,6
DA:2,6
DA:4,6
DA:6,6
DA:8,6
LF:5
LH:5
BRF:0
BRH:0
end_of_record
TN:
SF:routes/auth.routes.js
FN:8,(anonymous_0)
FN:16,(anonymous_1)
FNF:2
FNH:2
FNDA:1,(anonymous_0)
FNDA:1,(anonymous_1)
DA:2,6
DA:3,6
DA:5,6
DA:6,6
DA:8,6
DA:9,1
DA:12,6
DA:14,6
DA:16,6
DA:17,1
DA:23,6
LF:11
LH:11
BRF:0
BRH:0
end_of_record
TN:
SF:routes/categories.routes.js
FNF:0
FNH:0
DA:1,6
DA:2,6
DA:4,6
DA:6,6
DA:8,6
LF:5
LH:5
BRF:0
BRH:0
end_of_record
TN:
SF:routes/messages.routes.js
FNF:0
FNH:0
DA:2,6
DA:6,6
DA:10,6
DA:12,6
DA:15,6
DA:18,6
DA:25,6
LF:7
LH:7
BRF:0
BRH:0
end_of_record
TN:
SF:routes/offres.routes.js
FNF:0
FNH:0
DA:1,6
DA:9,6
DA:13,6
DA:14,6
DA:16,6
DA:17,6
DA:23,6
DA:24,6
DA:31,6
DA:38,6
DA:45,6
LF:11
LH:11
BRF:0
BRH:0
end_of_record
TN:
SF:routes/users.routes.js
FNF:0
FNH:0
DA:1,6
DA:5,6
DA:9,6
DA:10,6
DA:12,6
DA:19,6
DA:26,6
LF:7
LH:7
BRF:0
BRH:0
end_of_record
