TN:
SF:app.js
FN:17,(anonymous_0)
FN:30,(anonymous_1)
FN:34,(anonymous_2)
FNF:3
FNH:3
FNDA:13,(anonymous_0)
FNDA:1,(anonymous_1)
FNDA:1,(anonymous_2)
DA:1,3
DA:2,3
DA:4,3
DA:5,3
DA:6,3
DA:7,3
DA:8,3
DA:9,3
DA:11,3
DA:12,3
DA:14,3
DA:15,3
DA:19,13
DA:20,0
DA:27,3
DA:30,3
DA:31,1
DA:34,3
DA:35,1
DA:38,3
DA:39,3
DA:40,3
DA:41,3
DA:42,3
DA:43,3
DA:45,3
LF:26
LH:25
BRDA:19,0,0,13
BRDA:19,0,1,0
BRDA:20,1,0,0
BRDA:20,1,1,0
BRF:4
BRH:1
end_of_record
TN:
SF:db.js
FNF:0
FNH:0
DA:3,1
DA:5,1
DA:13,1
LF:3
LH:3
BRF:0
BRH:0
end_of_record
TN:
SF:controllers/adresses.controller.js
FN:3,getAllAdresses
FNF:1
FNH:0
FNDA:0,getAllAdresses
DA:1,3
DA:4,0
DA:5,0
DA:14,0
DA:16,0
DA:17,0
DA:23,3
LF:7
LH:2
BRF:0
BRH:0
end_of_record
TN:
SF:controllers/auth.controller.js
FN:9,register
FN:84,login
FNF:2
FNH:0
FNDA:0,register
FNDA:0,login
DA:1,3
DA:2,3
DA:3,3
DA:4,3
DA:6,3
DA:10,0
DA:12,0
DA:13,0
DA:16,0
DA:17,0
DA:22,0
DA:26,0
DA:27,0
DA:32,0
DA:36,0
DA:37,0
DA:41,0
DA:44,0
DA:47,0
DA:54,0
DA:57,0
DA:64,0
DA:75,0
DA:76,0
DA:85,0
DA:87,0
DA:88,0
DA:91,0
DA:92,0
DA:98,0
DA:99,0
DA:100,0
DA:104,0
DA:118,0
DA:119,0
DA:122,0
DA:125,0
DA:126,0
DA:127,0
DA:131,0
DA:132,0
DA:138,0
DA:148,0
DA:160,0
DA:161,0
DA:167,3
LF:46
LH:6
BRDA:6,0,0,3
BRDA:6,0,1,0
BRDA:16,1,0,0
BRDA:16,1,1,0
BRDA:16,2,0,0
BRDA:16,2,1,0
BRDA:16,2,2,0
BRDA:26,3,0,0
BRDA:26,3,1,0
BRDA:36,4,0,0
BRDA:36,4,1,0
BRDA:51,5,0,0
BRDA:51,5,1,0
BRDA:60,6,0,0
BRDA:60,6,1,0
BRDA:91,7,0,0
BRDA:91,7,1,0
BRDA:91,8,0,0
BRDA:91,8,1,0
BRDA:99,9,0,0
BRDA:99,9,1,0
BRDA:118,10,0,0
BRDA:118,10,1,0
BRDA:126,11,0,0
BRDA:126,11,1,0
BRDA:131,12,0,0
BRDA:131,12,1,0
BRDA:144,13,0,0
BRDA:144,13,1,0
BRF:29
BRH:1
end_of_record
TN:
SF:controllers/categories.controller.js
FN:3,getAllCategories
FNF:1
FNH:0
FNDA:0,getAllCategories
DA:1,3
DA:4,0
DA:5,0
DA:11,0
DA:13,0
DA:14,0
DA:20,3
LF:7
LH:2
BRF:0
BRH:0
end_of_record
TN:
SF:controllers/messages.controller.js
FN:4,createMessage
FN:90,getMessagesForPresta
FNF:2
FNH:2
FNDA:5,createMessage
FNDA:3,getMessagesForPresta
DA:2,3
DA:5,5
DA:18,5
DA:20,5
DA:22,5
DA:28,5
DA:29,1
DA:35,4
DA:40,3
DA:41,1
DA:44,2
DA:46,2
DA:78,2
DA:83,1
DA:84,1
DA:91,3
DA:94,3
DA:96,3
DA:107,2
DA:109,1
DA:110,1
DA:116,3
LF:22
LH:22
BRDA:20,0,0,5
BRDA:20,0,1,4
BRDA:22,1,0,0
BRDA:22,1,1,5
BRDA:24,2,0,1
BRDA:24,2,1,4
BRDA:28,3,0,1
BRDA:28,3,1,4
BRDA:28,4,0,5
BRDA:28,4,1,4
BRDA:28,4,2,4
BRDA:28,4,3,4
BRDA:40,5,0,1
BRDA:40,5,1,2
BRDA:68,6,0,2
BRDA:68,6,1,2
BRDA:71,7,0,2
BRDA:71,7,1,2
BRDA:72,8,0,2
BRDA:72,8,1,2
BRDA:73,9,0,1
BRDA:73,9,1,1
BRDA:74,10,0,1
BRDA:74,10,1,1
BRDA:94,11,0,3
BRDA:94,11,1,0
BRDA:94,11,2,0
BRF:27
BRH:24
end_of_record
TN:
SF:controllers/offres.controller.js
FN:4,getAllOffers
FN:37,getOneOfferById
FN:74,getMyOffers
FN:104,createOffer
FN:166,updateOffer
FN:239,deleteOneOffer
FNF:6
FNH:0
FNDA:0,getAllOffers
FNDA:0,getOneOfferById
FNDA:0,getMyOffers
FNDA:0,createOffer
FNDA:0,updateOffer
FNDA:0,deleteOneOffer
DA:1,3
DA:5,0
DA:6,0
DA:26,0
DA:28,0
DA:29,0
DA:38,0
DA:40,0
DA:41,0
DA:61,0
DA:62,0
DA:64,0
DA:66,0
DA:67,0
DA:75,0
DA:76,0
DA:77,0
DA:94,0
DA:96,0
DA:97,0
DA:105,0
DA:113,0
DA:115,0
DA:116,0
DA:117,0
DA:121,0
DA:148,0
DA:149,0
DA:154,0
DA:159,0
DA:160,0
DA:167,0
DA:177,0
DA:179,0
DA:180,0
DA:182,0
DA:184,0
DA:189,0
DA:190,0
DA:193,0
DA:195,0
DA:196,0
DA:203,0
DA:227,0
DA:232,0
DA:233,0
DA:240,0
DA:241,0
DA:243,0
DA:245,0
DA:246,0
DA:252,0
DA:257,0
DA:258,0
DA:261,0
DA:263,0
DA:264,0
DA:270,3
LF:58
LH:2
BRDA:61,0,0,0
BRDA:61,0,1,0
BRDA:116,1,0,0
BRDA:116,1,1,0
BRDA:116,2,0,0
BRDA:116,2,1,0
BRDA:139,3,0,0
BRDA:139,3,1,0
BRDA:140,4,0,0
BRDA:140,4,1,0
BRDA:142,5,0,0
BRDA:142,5,1,0
BRDA:143,6,0,0
BRDA:143,6,1,0
BRDA:148,7,0,0
BRDA:148,7,1,0
BRDA:148,8,0,0
BRDA:148,8,1,0
BRDA:189,9,0,0
BRDA:189,9,1,0
BRDA:195,10,0,0
BRDA:195,10,1,0
BRDA:195,11,0,0
BRDA:195,11,1,0
BRDA:218,12,0,0
BRDA:218,12,1,0
BRDA:219,13,0,0
BRDA:219,13,1,0
BRDA:220,14,0,0
BRDA:220,14,1,0
BRDA:221,15,0,0
BRDA:221,15,1,0
BRDA:222,16,0,0
BRDA:222,16,1,0
BRDA:223,17,0,0
BRDA:223,17,1,0
BRDA:224,18,0,0
BRDA:224,18,1,0
BRDA:245,19,0,0
BRDA:245,19,1,0
BRDA:257,20,0,0
BRDA:257,20,1,0
BRF:42
BRH:0
end_of_record
TN:
SF:controllers/users.controller.js
FN:3,getAllPresta
FN:32,updateUserStatus
FNF:2
FNH:0
FNDA:0,getAllPresta
FNDA:0,updateUserStatus
DA:1,3
DA:4,0
DA:5,0
DA:23,0
DA:25,0
DA:26,0
DA:33,0
DA:34,0
DA:36,0
DA:37,0
DA:45,0
DA:46,0
DA:49,0
DA:54,0
DA:55,0
DA:61,3
LF:16
LH:2
BRDA:45,0,0,0
BRDA:45,0,1,0
BRF:2
BRH:0
end_of_record
TN:
SF:middleware/auth.middleware.js
FN:4,authenticateToken
FN:12,(anonymous_1)
FN:21,authorizeRole
FN:22,(anonymous_3)
FNF:4
FNH:4
FNDA:6,authenticateToken
FNDA:5,(anonymous_1)
FNDA:21,authorizeRole
FNDA:4,(anonymous_3)
DA:1,3
DA:2,3
DA:5,6
DA:6,6
DA:8,6
DA:9,1
DA:12,5
DA:13,5
DA:14,1
DA:16,4
DA:17,4
DA:22,21
DA:23,4
DA:24,1
DA:28,3
DA:32,3
LF:16
LH:16
BRDA:2,0,0,3
BRDA:2,0,1,0
BRDA:8,1,0,1
BRDA:8,1,1,5
BRDA:13,2,0,1
BRDA:13,2,1,4
BRDA:23,3,0,1
BRDA:23,3,1,3
BRDA:23,4,0,4
BRDA:23,4,1,4
BRF:10
BRH:9
end_of_record
TN:
SF:routes/adresses.routes.js
FNF:0
FNH:0
DA:1,3
DA:2,3
DA:4,3
DA:6,3
DA:8,3
LF:5
LH:5
BRF:0
BRH:0
end_of_record
TN:
SF:routes/auth.routes.js
FN:8,(anonymous_0)
FN:16,(anonymous_1)
FNF:2
FNH:0
FNDA:0,(anonymous_0)
FNDA:0,(anonymous_1)
DA:2,3
DA:3,3
DA:5,3
DA:6,3
DA:8,3
DA:9,0
DA:12,3
DA:14,3
DA:16,3
DA:17,0
DA:23,3
LF:11
LH:9
BRF:0
BRH:0
end_of_record
TN:
SF:routes/categories.routes.js
FNF:0
FNH:0
DA:1,3
DA:2,3
DA:4,3
DA:6,3
DA:8,3
LF:5
LH:5
BRF:0
BRH:0
end_of_record
TN:
SF:routes/messages.routes.js
FNF:0
FNH:0
DA:2,3
DA:6,3
DA:10,3
DA:12,3
DA:15,3
DA:18,3
DA:25,3
LF:7
LH:7
BRF:0
BRH:0
end_of_record
TN:
SF:routes/offres.routes.js
FNF:0
FNH:0
DA:1,3
DA:9,3
DA:13,3
DA:14,3
DA:16,3
DA:17,3
DA:23,3
DA:24,3
DA:31,3
DA:38,3
DA:45,3
LF:11
LH:11
BRF:0
BRH:0
end_of_record
TN:
SF:routes/users.routes.js
FNF:0
FNH:0
DA:1,3
DA:5,3
DA:9,3
DA:10,3
DA:12,3
DA:19,3
DA:26,3
LF:7
LH:7
BRF:0
BRH:0
end_of_record
